2022-03-08 15:41:37,485 - basicLogger - INFO - Query for Rides Ordered after 2016-08-29T09:12:33Z returns 0 results
2022-03-08 15:43:32,562 - basicLogger - DEBUG - Stored event order_ride_immediately request with a trace id of b2aa8e1f-6bea-46b5-a388-09892bc26edf 
2022-03-08 15:43:40,028 - basicLogger - INFO - Query for Rides Ordered after 2016-08-29T09:12:33Z returns 1 results
2022-03-18 15:06:53,448 - basicLogger - INFO - Query for Rides Ordered after 2016-08-29T09:12:33Z returns 1 results
2022-03-18 15:12:38,262 - basicLogger - INFO - Query for Rides Ordered after 2016-08-29T09:12:33 returns 1 results
2022-03-18 15:15:36,033 - basicLogger - INFO - Query for Rides Ordered after 2022-03-18T15:15:33 returns 0 results
2022-03-18 15:15:38,126 - basicLogger - INFO - Query for scheduled rides made after 2022-03-18T15:15:33 returns 0 results
2022-03-18 15:15:41,001 - basicLogger - INFO - Query for Rides Ordered after 2022-03-18T15:15:38 returns 0 results
2022-03-18 15:15:43,058 - basicLogger - INFO - Query for scheduled rides made after 2022-03-18T15:15:38 returns 0 results
2022-03-18 15:15:45,996 - basicLogger - INFO - Query for Rides Ordered after 2022-03-18T15:15:43 returns 0 results
2022-03-18 15:15:48,066 - basicLogger - INFO - Query for scheduled rides made after 2022-03-18T15:15:43 returns 0 results
2022-03-18 15:16:54,205 - basicLogger - INFO - Query for Rides Ordered after 2022-03-18T15:16:52 returns 0 results
2022-03-18 15:16:56,276 - basicLogger - INFO - Query for scheduled rides made after 2022-03-18T15:16:52 returns 0 results
2022-03-18 15:16:59,212 - basicLogger - INFO - Query for Rides Ordered after 2022-03-18T15:16:57 returns 0 results
2022-03-18 15:17:01,259 - basicLogger - INFO - Query for scheduled rides made after 2022-03-18T15:16:57 returns 0 results
2022-03-18 15:18:37,855 - basicLogger - INFO - Query for Rides Ordered after 2022-03-18T15:18:35 returns 0 results
2022-03-18 15:18:39,908 - basicLogger - INFO - Query for scheduled rides made after 2022-03-18T15:18:35 returns 0 results
2022-03-18 15:21:50,364 - basicLogger - INFO - Query for Rides Ordered after 2022-03-18T15:21:48 returns 0 results
2022-03-18 15:21:52,428 - basicLogger - INFO - Query for scheduled rides made after 2022-03-18T15:21:48 returns 0 results
2022-03-18 15:22:40,217 - basicLogger - INFO - Query for Rides Ordered after 2022-03-18T15:22:38 returns 0 results
2022-03-18 15:22:42,280 - basicLogger - INFO - Query for scheduled rides made after 2022-03-18T15:22:38 returns 0 results
2022-03-18 15:24:57,175 - basicLogger - INFO - Query for Rides Ordered after 2022-03-19T22:09:53 returns 0 results
2022-03-18 15:25:28,673 - basicLogger - DEBUG - Stored event order_ride_immediately request with a trace id of b2aa8e1f-6bea-46b5-a388-09892bc26edf 
2022-03-18 15:25:42,147 - basicLogger - INFO - Query for Rides Ordered after 2022-03-18T22:09:53 returns 0 results
2022-03-18 15:26:38,732 - basicLogger - DEBUG - Stored event order_ride_immediately request with a trace id of b2aa8e1f-6bea-46b5-a388-09892bc26edf 
2022-03-18 15:26:39,663 - basicLogger - DEBUG - Stored event order_ride_immediately request with a trace id of b2aa8e1f-6bea-46b5-a388-09892bc26edf 
2022-03-18 15:26:41,189 - basicLogger - INFO - Query for Rides Ordered after 2022-03-18T15:26:39 returns 1 results
2022-03-18 15:26:43,250 - basicLogger - INFO - Query for scheduled rides made after 2022-03-18T15:26:39 returns 0 results
2022-03-18 15:26:46,192 - basicLogger - INFO - Query for Rides Ordered after 2022-03-18T15:26:44 returns 0 results
2022-03-18 15:26:48,248 - basicLogger - INFO - Query for scheduled rides made after 2022-03-18T15:26:44 returns 0 results
2022-03-18 15:26:49,452 - basicLogger - DEBUG - Stored event order_ride_immediately request with a trace id of b2aa8e1f-6bea-46b5-a388-09892bc26edf 
2022-03-18 15:26:51,179 - basicLogger - INFO - Query for Rides Ordered after 2022-03-18T15:26:49 returns 1 results
2022-03-18 15:26:53,223 - basicLogger - INFO - Query for scheduled rides made after 2022-03-18T15:26:49 returns 0 results
2022-03-18 15:26:56,191 - basicLogger - INFO - Query for Rides Ordered after 2022-03-18T15:26:54 returns 0 results
2022-03-18 15:26:58,250 - basicLogger - INFO - Query for scheduled rides made after 2022-03-18T15:26:54 returns 0 results
2022-03-18 15:27:01,183 - basicLogger - INFO - Query for Rides Ordered after 2022-03-18T15:26:59 returns 0 results
2022-03-18 15:27:03,242 - basicLogger - INFO - Query for scheduled rides made after 2022-03-18T15:26:59 returns 0 results
2022-03-18 15:28:30,758 - basicLogger - INFO - Query for Rides Ordered after 2022-03-18T15:28:28 returns 0 results
2022-03-18 15:28:32,823 - basicLogger - INFO - Query for scheduled rides made after 2022-03-18T15:28:28 returns 0 results
2022-03-18 15:28:35,719 - basicLogger - INFO - Query for Rides Ordered after 2022-03-18T15:28:33 returns 0 results
2022-03-18 15:28:37,767 - basicLogger - INFO - Query for scheduled rides made after 2022-03-18T15:28:33 returns 0 results
2022-03-18 15:31:07,817 - basicLogger - INFO - Query for Rides Ordered after 2016-08-29T09:12:33 returns 5 results
2022-03-18 15:31:09,874 - basicLogger - INFO - Query for scheduled rides made after 2016-08-29T09:12:33 returns 0 results
2022-03-18 15:31:12,826 - basicLogger - INFO - Query for Rides Ordered after 2016-08-29T09:12:33 returns 5 results
2022-03-18 15:31:14,886 - basicLogger - INFO - Query for scheduled rides made after 2016-08-29T09:12:33 returns 0 results
2022-03-18 15:31:39,146 - basicLogger - INFO - Query for Rides Ordered after 2016-08-29T09:12:33 returns 5 results
2022-03-18 15:31:41,209 - basicLogger - INFO - Query for scheduled rides made after 2016-08-29T09:12:33 returns 0 results
2022-03-18 15:31:44,148 - basicLogger - INFO - Query for Rides Ordered after 2016-08-29T09:12:33 returns 5 results
2022-03-18 15:31:46,208 - basicLogger - INFO - Query for scheduled rides made after 2016-08-29T09:12:33 returns 0 results
2022-03-18 16:05:33,746 - basicLogger - INFO - Query for Rides Ordered after 2016-08-29T09:12:33 returns 5 results
2022-03-18 16:05:35,789 - basicLogger - INFO - Query for scheduled rides made after 2016-08-29T09:12:33 returns 0 results
2022-03-18 16:05:38,755 - basicLogger - INFO - Query for Rides Ordered after 2016-08-29T09:12:33 returns 5 results
2022-03-18 16:05:40,805 - basicLogger - INFO - Query for scheduled rides made after 2016-08-29T09:12:33 returns 0 results
2022-03-18 16:06:06,433 - basicLogger - DEBUG - Stored event schedule_ride request with a trace id of b2aa8e1f-6bea-46b5-a388-09892bc26edf 
2022-03-18 16:06:07,721 - basicLogger - DEBUG - Stored event schedule_ride request with a trace id of b2aa8e1f-6bea-46b5-a388-09892bc26edf 
2022-03-18 16:06:09,409 - basicLogger - DEBUG - Stored event schedule_ride request with a trace id of b2aa8e1f-6bea-46b5-a388-09892bc26edf 
2022-03-18 16:06:22,924 - basicLogger - INFO - Query for Rides Ordered after 2016-08-29T09:12:33 returns 5 results
2022-03-18 16:06:24,984 - basicLogger - INFO - Query for scheduled rides made after 2016-08-29T09:12:33 returns 3 results
2022-03-18 16:06:27,922 - basicLogger - INFO - Query for Rides Ordered after 2016-08-29T09:12:33 returns 5 results
2022-03-18 16:06:29,975 - basicLogger - INFO - Query for scheduled rides made after 2016-08-29T09:12:33 returns 3 results
2022-03-18 16:08:00,378 - basicLogger - INFO - Query for Rides Ordered after 2016-08-29T09:12:33 returns 5 results
2022-03-18 16:08:02,432 - basicLogger - INFO - Query for scheduled rides made after 2016-08-29T09:12:33 returns 3 results
2022-03-18 16:08:05,380 - basicLogger - INFO - Query for Rides Ordered after 2016-08-29T09:12:33 returns 5 results
2022-03-18 16:08:07,423 - basicLogger - INFO - Query for scheduled rides made after 2016-08-29T09:12:33 returns 3 results
2022-03-18 16:09:32,369 - basicLogger - INFO - Query for Rides Ordered after 2016-08-29T09:12:33 returns 5 results
2022-03-18 16:09:34,430 - basicLogger - INFO - Query for scheduled rides made after 2016-08-29T09:12:33 returns 3 results
2022-03-18 16:09:37,341 - basicLogger - INFO - Query for Rides Ordered after 2016-08-29T09:12:33 returns 5 results
2022-03-18 16:09:39,403 - basicLogger - INFO - Query for scheduled rides made after 2016-08-29T09:12:33 returns 3 results
2022-03-18 16:11:01,921 - basicLogger - INFO - Query for Rides Ordered after 2016-08-29T09:12:33 returns 5 results
2022-03-18 16:11:03,965 - basicLogger - INFO - Query for scheduled rides made after 2016-08-29T09:12:33 returns 3 results
2022-03-18 16:11:06,907 - basicLogger - INFO - Query for Rides Ordered after 2016-08-29T09:12:33 returns 5 results
2022-03-18 16:11:08,965 - basicLogger - INFO - Query for scheduled rides made after 2016-08-29T09:12:33 returns 3 results
2022-03-18 16:19:20,598 - basicLogger - INFO - Query for Rides Ordered after 2016-08-29T09:12:33 returns 5 results
2022-03-18 16:19:22,642 - basicLogger - INFO - Query for scheduled rides made after 2016-08-29T09:12:33 returns 3 results
2022-03-18 16:19:25,587 - basicLogger - INFO - Query for Rides Ordered after 2016-08-29T09:12:33 returns 5 results
2022-03-18 16:19:27,626 - basicLogger - INFO - Query for scheduled rides made after 2016-08-29T09:12:33 returns 3 results
2022-03-18 16:20:19,973 - basicLogger - INFO - Query for Rides Ordered after 2016-08-29T09:12:33 returns 5 results
2022-03-18 16:20:22,020 - basicLogger - INFO - Query for scheduled rides made after 2016-08-29T09:12:33 returns 3 results
2022-03-18 16:25:19,325 - basicLogger - INFO - Query for Rides Ordered after 2016-08-29T09:12:33 returns 5 results
2022-03-18 16:25:21,362 - basicLogger - INFO - Query for scheduled rides made after 2016-08-29T09:12:33 returns 3 results
2022-03-18 16:25:24,288 - basicLogger - INFO - Query for Rides Ordered after 2016-08-29T09:12:33 returns 5 results
2022-03-18 16:25:26,343 - basicLogger - INFO - Query for scheduled rides made after 2016-08-29T09:12:33 returns 3 results
2022-03-18 16:25:49,264 - basicLogger - INFO - Query for Rides Ordered after 2016-08-29T09:12:33 returns 5 results
2022-03-18 16:25:51,304 - basicLogger - INFO - Query for scheduled rides made after 2016-08-29T09:12:33 returns 3 results
2022-03-18 16:25:54,274 - basicLogger - INFO - Query for Rides Ordered after 2016-08-29T09:12:33 returns 5 results
2022-03-18 16:25:56,308 - basicLogger - INFO - Query for scheduled rides made after 2016-08-29T09:12:33 returns 3 results
2022-03-18 16:26:31,489 - basicLogger - INFO - Query for Rides Ordered after 2016-08-29T09:12:33 returns 5 results
2022-03-18 16:26:33,528 - basicLogger - INFO - Query for scheduled rides made after 2016-08-29T09:12:33 returns 3 results
2022-03-18 16:33:50,488 - basicLogger - INFO - Query for Rides Ordered after 2016-08-29T09:12:33 returns 5 results
2022-03-18 16:33:52,526 - basicLogger - INFO - Query for scheduled rides made after 2016-08-29T09:12:33 returns 3 results
2022-03-18 16:33:55,457 - basicLogger - INFO - Query for Rides Ordered after 2016-08-29T09:12:33 returns 5 results
2022-03-18 16:33:57,506 - basicLogger - INFO - Query for scheduled rides made after 2016-08-29T09:12:33 returns 3 results
2022-03-18 16:36:14,117 - basicLogger - INFO - Query for Rides Ordered after 2016-08-29T09:12:33 returns 5 results
2022-03-18 16:36:16,167 - basicLogger - INFO - Query for scheduled rides made after 2016-08-29T09:12:33 returns 3 results
2022-03-18 16:43:15,302 - basicLogger - INFO - Query for Rides Ordered after 2016-08-29T09:12:33 returns 5 results
2022-03-18 16:43:17,342 - basicLogger - INFO - Query for scheduled rides made after 2016-08-29T09:12:33 returns 3 results
2022-03-18 16:43:20,285 - basicLogger - INFO - Query for Rides Ordered after 2016-08-29T09:12:33 returns 5 results
2022-03-18 16:43:22,317 - basicLogger - INFO - Query for scheduled rides made after 2016-08-29T09:12:33 returns 3 results
2022-03-18 20:33:45,474 - basicLogger - INFO - Connecting to DB. Hostname:ec2-35-182-22-87.ca-central-1.compute.amazonaws.com, Port:3306
2022-03-18 20:33:45,611 - basicLogger - INFO - Connecting to DB. Hostname:ec2-35-182-22-87.ca-central-1.compute.amazonaws.com, Port:3306
2022-03-18 20:43:31,868 - basicLogger - INFO - Connecting to DB. Hostname:ec2-35-182-22-87.ca-central-1.compute.amazonaws.com, Port:3306
2022-03-18 20:43:31,966 - basicLogger - INFO - Connecting to DB. Hostname:ec2-35-182-22-87.ca-central-1.compute.amazonaws.com, Port:3306
2022-03-18 20:43:41,686 - basicLogger - INFO - Query for Rides Ordered after 2016-08-29T09:12:33 returns 0 results
2022-03-22 16:23:05,256 - basicLogger - INFO - Connecting to DB. Hostname:ec2-52-60-58-58.ca-central-1.compute.amazonaws.com, Port:3306
2022-03-22 16:23:05,308 - basicLogger - INFO - Connecting to DB. Hostname:ec2-52-60-58-58.ca-central-1.compute.amazonaws.com, Port:3306
2022-03-22 16:28:53,053 - basicLogger - INFO - Connecting to DB. Hostname:ec2-52-60-58-58.ca-central-1.compute.amazonaws.com, Port:3306
2022-03-22 16:28:53,140 - basicLogger - INFO - Connecting to DB. Hostname:ec2-52-60-58-58.ca-central-1.compute.amazonaws.com, Port:3306
2022-03-22 16:34:53,552 - basicLogger - INFO - Connecting to DB. Hostname:ec2-52-60-58-58.ca-central-1.compute.amazonaws.com, Port:3306
2022-03-22 16:34:53,586 - basicLogger - INFO - Connecting to DB. Hostname:ec2-52-60-58-58.ca-central-1.compute.amazonaws.com, Port:3306
2022-03-22 16:40:18,318 - basicLogger - INFO - Connecting to DB. Hostname:ec2-52-60-58-58.ca-central-1.compute.amazonaws.com, Port:3306
2022-03-22 16:40:18,350 - basicLogger - INFO - Connecting to DB. Hostname:ec2-52-60-58-58.ca-central-1.compute.amazonaws.com, Port:3306
2022-03-22 16:43:41,207 - basicLogger - INFO - Connecting to DB. Hostname:ec2-52-60-58-58.ca-central-1.compute.amazonaws.com, Port:3306
2022-03-22 16:43:41,240 - basicLogger - INFO - Connecting to DB. Hostname:ec2-52-60-58-58.ca-central-1.compute.amazonaws.com, Port:3306
2022-03-22 16:45:14,978 - basicLogger - INFO - Connecting to DB. Hostname:ec2-52-60-58-58.ca-central-1.compute.amazonaws.com, Port:3306
2022-03-22 16:45:15,016 - basicLogger - INFO - Connecting to DB. Hostname:ec2-52-60-58-58.ca-central-1.compute.amazonaws.com, Port:3306
2022-03-22 16:45:15,666 - basicLogger - INFO - Message: {'type': 'ride_order', 'datetime': '2022-03-22T16:44:27', 'payload': {'destination': '123 Londsdale Ave', 'max_passenger': 3, 'order_time': '2022-01-19T14:20:00.001Z', 'starting_point': '123 Granville St', 'trace_id': 'b2aa8e1f-6bea-46b5-a388-09892bc26edf', 'user_id': 'd290f1ee-6c54-4b01-90e6-d701748f0851'}}
2022-03-22 16:45:45,142 - basicLogger - INFO - Message: {'type': 'ride_order', 'datetime': '2022-03-22T16:45:45', 'payload': {'destination': '123 Londsdale Ave', 'max_passenger': 3, 'order_time': '2022-01-19T14:20:00.001Z', 'starting_point': '123 Granville St', 'trace_id': 'b2aa8e1f-6bea-46b5-a388-09892bc26edf', 'user_id': 'd290f1ee-6c54-4b01-90e6-d701748f0851'}}
2022-03-29 14:15:11,936 - basicLogger - INFO - Connecting to DB. Hostname:ec2-52-60-58-58.ca-central-1.compute.amazonaws.com, Port:3306
2022-03-29 14:15:11,970 - basicLogger - INFO - Connecting to DB. Hostname:ec2-52-60-58-58.ca-central-1.compute.amazonaws.com, Port:3306
2022-03-29 14:24:21,906 - basicLogger - INFO - Connecting to DB. Hostname:ec2-52-60-58-58.ca-central-1.compute.amazonaws.com, Port:3306
2022-03-29 14:24:21,942 - basicLogger - INFO - Connecting to DB. Hostname:ec2-52-60-58-58.ca-central-1.compute.amazonaws.com, Port:3306
2022-03-29 14:43:38,066 - basicLogger - INFO - Connecting to DB. Hostname:ec2-52-60-58-58.ca-central-1.compute.amazonaws.com, Port:3306
2022-03-29 14:43:38,116 - basicLogger - INFO - Connecting to DB. Hostname:ec2-52-60-58-58.ca-central-1.compute.amazonaws.com, Port:3306
2022-03-29 14:51:53,029 - basicLogger - INFO - Connecting to DB. Hostname:ec2-52-60-109-143.ca-central-1.compute.amazonaws.com, Port:3306
2022-03-29 14:51:53,105 - basicLogger - INFO - Connecting to DB. Hostname:ec2-52-60-109-143.ca-central-1.compute.amazonaws.com, Port:3306
2022-03-29 14:52:48,267 - basicLogger - INFO - Query for Rides Ordered after 2022-03-29T09:12:33 returns 0 results
2022-03-29 14:55:07,717 - basicLogger - INFO - Connecting to DB. Hostname:ec2-52-60-109-143.ca-central-1.compute.amazonaws.com, Port:3306
2022-03-29 14:55:07,766 - basicLogger - INFO - Connecting to DB. Hostname:ec2-52-60-109-143.ca-central-1.compute.amazonaws.com, Port:3306
2022-03-29 14:55:37,499 - basicLogger - INFO - Query for Rides Ordered after 2022-03-29T09:12:33 returns 0 results
2022-03-29 14:55:46,441 - basicLogger - INFO - Query for Rides Ordered after 2022-03-29T09:12:50 returns 0 results
2022-03-29 14:55:52,050 - basicLogger - INFO - Query for Rides Ordered after 2022-03-29T05:12:50 returns 0 results
2022-03-29 15:08:09,254 - basicLogger - INFO - Connecting to DB. Hostname:ec2-52-60-109-143.ca-central-1.compute.amazonaws.com, Port:3306
2022-03-29 15:08:09,303 - basicLogger - INFO - Connecting to DB. Hostname:ec2-52-60-109-143.ca-central-1.compute.amazonaws.com, Port:3306
2022-03-29 15:08:50,868 - basicLogger - INFO - Query for Rides Ordered after 2016-08-29T09:12:33 returns 2 results
2022-03-29 15:08:52,469 - basicLogger - INFO - Query for Rides Ordered after 2016-08-29T09:12:33 returns 2 results
2022-03-29 15:08:54,646 - basicLogger - INFO - Query for Rides Ordered after 2016-08-29T09:12:33 returns 2 results
2022-03-29 15:09:01,534 - basicLogger - INFO - Query for scheduled rides made after 2016-08-29T09:12:33 returns 0 results
2022-03-29 15:09:03,450 - basicLogger - INFO - Query for scheduled rides made after 2016-08-29T09:12:33 returns 0 results
2022-03-29 15:09:04,268 - basicLogger - INFO - Query for scheduled rides made after 2016-08-29T09:12:33 returns 0 results
2022-03-29 15:25:34,180 - basicLogger - INFO - Connecting to DB. Hostname:ec2-52-60-109-143.ca-central-1.compute.amazonaws.com, Port:3306
2022-03-29 15:25:34,223 - basicLogger - INFO - Connecting to DB. Hostname:ec2-52-60-109-143.ca-central-1.compute.amazonaws.com, Port:3306
2022-03-29 15:25:42,677 - basicLogger - INFO - Query for scheduled rides made after 2016-08-29T09:12:33 returns 0 results
2022-03-29 15:25:50,836 - basicLogger - INFO - Query for scheduled rides made after 2016-08-29T09:12:33 returns 0 results
2022-03-29 15:25:51,936 - basicLogger - INFO - Query for scheduled rides made after 2016-08-29T09:12:33 returns 0 results
2022-03-29 15:25:52,548 - basicLogger - INFO - Query for scheduled rides made after 2016-08-29T09:12:33 returns 0 results
2022-03-29 15:26:04,740 - basicLogger - INFO - Query for Rides Ordered after 2016-08-29T09:12:33 returns 2 results
2022-03-29 15:26:05,456 - basicLogger - INFO - Query for Rides Ordered after 2016-08-29T09:12:33 returns 2 results
2022-03-29 15:32:01,700 - basicLogger - INFO - Message: {'type': 'ride_order', 'datetime': '2022-03-29T15:32:01', 'payload': {'destination': '123 Londsdale Ave', 'max_passenger': 3, 'order_time': '2022-01-19T14:20:00.001Z', 'starting_point': '123 Granville St', 'trace_id': 'b2aa8e1f-6bea-46b5-a388-09892bc26edf', 'user_id': 'd290f1ee-6c54-4b01-90e6-d701748f0851'}}
2022-03-29 15:38:17,371 - basicLogger - INFO - Message: {'type': 'ride_order', 'datetime': '2022-03-29T15:38:17', 'payload': {'destination': '123 Londsdale Ave', 'max_passenger': 3, 'order_time': '2022-01-19T14:20:00.001Z', 'starting_point': '123 Granville St', 'trace_id': 'b2aa8e1f-6bea-46b5-a388-09892bc26edf', 'user_id': 'd290f1ee-6c54-4b01-90e6-d701748f0851'}}
2022-03-29 15:38:25,461 - basicLogger - INFO - Message: {'type': 'ride_order', 'datetime': '2022-03-29T15:38:25', 'payload': {'destination': '123 Londsdale Ave', 'max_passenger': 3, 'order_time': '2022-01-19T14:20:00.001Z', 'starting_point': '123 Granville St', 'trace_id': 'b2aa8e1f-6bea-46b5-a388-09892bc26edf', 'user_id': 'd290f1ee-6c54-4b01-90e6-d701748f0851'}}
2022-03-29 15:38:31,457 - basicLogger - INFO - Message: {'type': 'ride_schedule', 'datetime': '2022-03-29T15:38:31', 'payload': {'destination': '123 Lonsdale ave', 'interval_end': '2022-01-19T14:20:00.001Z', 'interval_start': '2022-01-19T14:20:00.001Z', 'order_time': '2022-01-19T14:20:00.001Z', 'trace_id': 'b2aa8e1f-6bea-46b5-a388-09892bc26edf', 'user_id': 'd290f1ee-6c54-4b01-90e6-d701748f0851'}}
2022-03-29 16:01:41,039 - basicLogger - INFO - Connecting to DB. Hostname:ec2-52-60-109-143.ca-central-1.compute.amazonaws.com, Port:3306
2022-03-29 16:01:41,107 - basicLogger - INFO - Connecting to DB. Hostname:ec2-52-60-109-143.ca-central-1.compute.amazonaws.com, Port:3306
2022-03-29 16:01:41,905 - basicLogger - INFO - Message: {'type': 'ride_schedule', 'datetime': '2022-03-29T15:38:31', 'payload': {'destination': '123 Lonsdale ave', 'interval_end': '2022-01-19T14:20:00.001Z', 'interval_start': '2022-01-19T14:20:00.001Z', 'order_time': '2022-01-19T14:20:00.001Z', 'trace_id': 'b2aa8e1f-6bea-46b5-a388-09892bc26edf', 'user_id': 'd290f1ee-6c54-4b01-90e6-d701748f0851'}}
2022-03-29 16:07:00,533 - basicLogger - INFO - Connecting to DB. Hostname:ec2-52-60-109-143.ca-central-1.compute.amazonaws.com, Port:3306
2022-03-29 16:07:00,571 - basicLogger - INFO - Connecting to DB. Hostname:ec2-52-60-109-143.ca-central-1.compute.amazonaws.com, Port:3306
2022-03-29 16:07:01,212 - basicLogger - INFO - Message: {'type': 'ride_schedule', 'datetime': '2022-03-29T15:38:31', 'payload': {'destination': '123 Lonsdale ave', 'interval_end': '2022-01-19T14:20:00.001Z', 'interval_start': '2022-01-19T14:20:00.001Z', 'order_time': '2022-01-19T14:20:00.001Z', 'trace_id': 'b2aa8e1f-6bea-46b5-a388-09892bc26edf', 'user_id': 'd290f1ee-6c54-4b01-90e6-d701748f0851'}}
2022-03-29 16:10:55,053 - basicLogger - INFO - Connecting to DB. Hostname:ec2-52-60-109-143.ca-central-1.compute.amazonaws.com, Port:3306
2022-03-29 16:10:55,093 - basicLogger - INFO - Connecting to DB. Hostname:ec2-52-60-109-143.ca-central-1.compute.amazonaws.com, Port:3306
2022-03-29 16:10:55,792 - basicLogger - INFO - Message: {'type': 'ride_schedule', 'datetime': '2022-03-29T15:38:31', 'payload': {'destination': '123 Lonsdale ave', 'interval_end': '2022-01-19T14:20:00.001Z', 'interval_start': '2022-01-19T14:20:00.001Z', 'order_time': '2022-01-19T14:20:00.001Z', 'trace_id': 'b2aa8e1f-6bea-46b5-a388-09892bc26edf', 'user_id': 'd290f1ee-6c54-4b01-90e6-d701748f0851'}}
2022-03-29 16:10:56,752 - basicLogger - INFO - Message: {'type': 'ride_schedule', 'datetime': '2022-03-29T15:38:38', 'payload': {'destination': '123 Lonsdale ave', 'interval_end': '2022-01-19T14:20:00.001Z', 'interval_start': '2022-01-19T14:20:00.001Z', 'order_time': '2022-01-19T14:20:00.001Z', 'trace_id': 'b2aa8e1f-6bea-46b5-a388-09892bc26edf', 'user_id': 'd290f1ee-6c54-4b01-90e6-d701748f0851'}}
2022-03-29 16:10:57,011 - basicLogger - INFO - Message: {'type': 'ride_order', 'datetime': '2022-03-29T16:05:35', 'payload': {'destination': '123 Londsdale Ave', 'max_passenger': 3, 'order_time': '2022-01-19T14:20:00.001Z', 'starting_point': '123 Granville St', 'user_id': 'd290f1ee-6c54-4b01-90e6-d701748f0851'}}
2022-03-29 16:12:57,851 - basicLogger - INFO - Connecting to DB. Hostname:ec2-52-60-109-143.ca-central-1.compute.amazonaws.com, Port:3306
2022-03-29 16:12:57,905 - basicLogger - INFO - Connecting to DB. Hostname:ec2-52-60-109-143.ca-central-1.compute.amazonaws.com, Port:3306
2022-03-29 16:12:58,550 - basicLogger - INFO - Message: {'type': 'ride_order', 'datetime': '2022-03-29T16:05:35', 'payload': {'destination': '123 Londsdale Ave', 'max_passenger': 3, 'order_time': '2022-01-19T14:20:00.001Z', 'starting_point': '123 Granville St', 'user_id': 'd290f1ee-6c54-4b01-90e6-d701748f0851'}}
2022-03-29 16:14:00,078 - basicLogger - INFO - Connecting to DB. Hostname:ec2-52-60-109-143.ca-central-1.compute.amazonaws.com, Port:3306
2022-03-29 16:14:00,139 - basicLogger - INFO - Connecting to DB. Hostname:ec2-52-60-109-143.ca-central-1.compute.amazonaws.com, Port:3306
2022-03-29 16:14:00,846 - basicLogger - INFO - Message: {'type': 'ride_order', 'datetime': '2022-03-29T16:05:35', 'payload': {'destination': '123 Londsdale Ave', 'max_passenger': 3, 'order_time': '2022-01-19T14:20:00.001Z', 'starting_point': '123 Granville St', 'user_id': 'd290f1ee-6c54-4b01-90e6-d701748f0851'}}
2022-03-29 16:15:02,250 - basicLogger - INFO - Connecting to DB. Hostname:ec2-52-60-109-143.ca-central-1.compute.amazonaws.com, Port:3306
2022-03-29 16:15:02,331 - basicLogger - INFO - Connecting to DB. Hostname:ec2-52-60-109-143.ca-central-1.compute.amazonaws.com, Port:3306
2022-03-29 16:15:03,066 - basicLogger - INFO - Message: {'type': 'ride_order', 'datetime': '2022-03-29T16:05:35', 'payload': {'destination': '123 Londsdale Ave', 'max_passenger': 3, 'order_time': '2022-01-19T14:20:00.001Z', 'starting_point': '123 Granville St', 'user_id': 'd290f1ee-6c54-4b01-90e6-d701748f0851'}}
2022-03-29 16:15:20,508 - basicLogger - INFO - Connecting to DB. Hostname:ec2-52-60-109-143.ca-central-1.compute.amazonaws.com, Port:3306
2022-03-29 16:15:20,620 - basicLogger - INFO - Connecting to DB. Hostname:ec2-52-60-109-143.ca-central-1.compute.amazonaws.com, Port:3306
2022-03-29 16:15:30,995 - basicLogger - INFO - Message: {'type': 'ride_order', 'datetime': '2022-03-29T16:15:30', 'payload': {'destination': '123 Londsdale Ave', 'max_passenger': 3, 'order_time': '2022-01-19T14:20:00.001Z', 'starting_point': '123 Granville St', 'user_id': 'd290f1ee-6c54-4b01-90e6-d701748f0851'}}
2022-03-29 16:20:02,484 - basicLogger - INFO - Connecting to DB. Hostname:ec2-52-60-109-143.ca-central-1.compute.amazonaws.com, Port:3306
2022-03-29 16:20:02,565 - basicLogger - INFO - Connecting to DB. Hostname:ec2-52-60-109-143.ca-central-1.compute.amazonaws.com, Port:3306
2022-03-29 16:20:03,323 - basicLogger - INFO - Message: {'type': 'ride_order', 'datetime': '2022-03-29T16:15:30', 'payload': {'destination': '123 Londsdale Ave', 'max_passenger': 3, 'order_time': '2022-01-19T14:20:00.001Z', 'starting_point': '123 Granville St', 'user_id': 'd290f1ee-6c54-4b01-90e6-d701748f0851'}}
2022-03-29 16:20:57,413 - basicLogger - INFO - Connecting to DB. Hostname:ec2-52-60-109-143.ca-central-1.compute.amazonaws.com, Port:3306
2022-03-29 16:20:57,456 - basicLogger - INFO - Connecting to DB. Hostname:ec2-52-60-109-143.ca-central-1.compute.amazonaws.com, Port:3306
2022-03-29 16:20:58,100 - basicLogger - INFO - Message: {'type': 'ride_order', 'datetime': '2022-03-29T16:15:30', 'payload': {'destination': '123 Londsdale Ave', 'max_passenger': 3, 'order_time': '2022-01-19T14:20:00.001Z', 'starting_point': '123 Granville St', 'user_id': 'd290f1ee-6c54-4b01-90e6-d701748f0851'}}
2022-03-29 16:21:16,631 - basicLogger - INFO - Connecting to DB. Hostname:ec2-52-60-109-143.ca-central-1.compute.amazonaws.com, Port:3306
2022-03-29 16:21:16,721 - basicLogger - INFO - Connecting to DB. Hostname:ec2-52-60-109-143.ca-central-1.compute.amazonaws.com, Port:3306
2022-03-29 16:21:35,223 - basicLogger - INFO - Message: {'type': 'ride_order', 'datetime': '2022-03-29T16:21:35', 'payload': {'destination': '123 Londsdale Ave', 'max_passenger': 3, 'order_time': '2022-01-19T14:20:00.001Z', 'starting_point': '123 Granville St', 'user_id': 'd290f1ee-6c54-4b01-90e6-d701748f0851'}}
2022-03-29 16:25:33,799 - basicLogger - INFO - Connecting to DB. Hostname:ec2-52-60-109-143.ca-central-1.compute.amazonaws.com, Port:3306
2022-03-29 16:25:33,886 - basicLogger - INFO - Connecting to DB. Hostname:ec2-52-60-109-143.ca-central-1.compute.amazonaws.com, Port:3306
2022-03-29 16:25:34,583 - basicLogger - INFO - Message: {'type': 'ride_order', 'datetime': '2022-03-29T16:21:35', 'payload': {'destination': '123 Londsdale Ave', 'max_passenger': 3, 'order_time': '2022-01-19T14:20:00.001Z', 'starting_point': '123 Granville St', 'user_id': 'd290f1ee-6c54-4b01-90e6-d701748f0851'}}
2022-03-29 16:25:35,548 - basicLogger - INFO - Message: {'type': 'ride_order', 'datetime': '2022-03-29T16:23:15', 'payload': {'destination': '123 Londsdale Ave', 'max_passenger': 3, 'order_time': '2022-01-19T14:20:00.001Z', 'starting_point': '123 Granville St', 'user_id': 'd290f1ee-6c54-4b01-90e6-d701748f0851'}}
2022-03-29 16:25:59,943 - basicLogger - INFO - Connecting to DB. Hostname:ec2-52-60-109-143.ca-central-1.compute.amazonaws.com, Port:3306
2022-03-29 16:26:00,064 - basicLogger - INFO - Connecting to DB. Hostname:ec2-52-60-109-143.ca-central-1.compute.amazonaws.com, Port:3306
2022-03-29 16:27:31,379 - basicLogger - INFO - Message: {'type': 'ride_schedule', 'datetime': '2022-03-29T16:27:31', 'payload': {'destination': '123 Lonsdale ave', 'interval_end': '2022-01-19T14:20:00.001Z', 'interval_start': '2022-01-19T14:20:00.001Z', 'order_time': '2022-01-19T14:20:00.001Z', 'user_id': 'd290f1ee-6c54-4b01-90e6-d701748f0851', 'trace_id': 'd9ac73b7-734c-49e5-8224-7ce850140c6c'}}
2022-03-29 16:27:52,901 - basicLogger - INFO - Message: {'type': 'ride_schedule', 'datetime': '2022-03-29T16:27:52', 'payload': {'destination': '123 Lonsdale ave', 'interval_end': '2022-01-19T14:20:00.001Z', 'interval_start': '2022-01-19T14:20:00.001Z', 'order_time': '2022-01-19T14:20:00.001Z', 'user_id': 'd290f1ee-6c54-4b01-90e6-d701748f0851', 'trace_id': 'ede878b0-a073-4b38-b192-6598de7b0954'}}
2022-03-29 16:29:33,915 - basicLogger - INFO - Message: {'type': 'ride_order', 'datetime': '2022-03-29T16:29:33', 'payload': {'destination': '123 Londsdale Ave', 'max_passenger': 3, 'order_time': '2022-01-19T14:20:00.001Z', 'starting_point': '123 Granville St', 'user_id': 'd290f1ee-6c54-4b01-90e6-d701748f0851', 'trace_id': '3a694ff2-36bc-41a4-b360-e9e54ccebb3b'}}
2022-03-29 16:31:02,965 - basicLogger - INFO - Message: {'type': 'ride_order', 'datetime': '2022-03-29T16:31:02', 'payload': {'destination': '123 Londsdale Ave', 'max_passenger': 3, 'order_time': '2022-01-19T14:20:00.001Z', 'starting_point': '123 Granville St', 'user_id': 'd290f1ee-6c54-4b01-90e6-d701748f0851', 'trace_id': '69497ec1-b214-48b5-b665-af7e40468b61'}}
2022-03-29 16:33:04,948 - basicLogger - INFO - Message: {'type': 'ride_schedule', 'datetime': '2022-03-29T16:33:04', 'payload': {'destination': '123 Lonsdale ave', 'interval_end': '2022-01-19T14:20:00.001Z', 'interval_start': '2022-01-19T14:20:00.001Z', 'order_time': '2022-01-19T14:20:00.001Z', 'user_id': 'd290f1ee-6c54-4b01-90e6-d701748f0851', 'trace_id': 'ea789030-ece9-4833-9e10-7e20aeceee16'}}
